<?xml version="1.0" encoding="UTF-8"?>
<!-- Generated by org.testng.reporters.JUnitXMLReporter -->
<testsuite ignored="1" hostname="PP-C02GL0PZMD6M" failures="0" tests="1" name="Default test" time="12.739" errors="0" timestamp="2023-12-05T18:40:49 IST">
  <testcase classname="com.quali.org.qa.TestClasses.RegisterTest" name="RegisterAsNewAccount" time="4.253"/>
  <testcase classname="com.quali.org.qa.TestClasses.RegisterTest" name="assertAllwarnings" time="0.0">
    <ignored/>
  </testcase> <!-- assertAllwarnings -->
</testsuite> <!-- Default test -->
