<?xml version="1.0" encoding="UTF-8"?>
<!-- Generated by org.testng.reporters.JUnitXMLReporter -->
<testsuite ignored="3" hostname="PP-C02GL0PZMD6M" failures="0" tests="3" name="Test" time="35.362" errors="0" timestamp="2023-12-13T12:55:13 IST">
  <testcase classname="com.quali.org.qa.TestClasses.RegisterTest" name="RegisterAsNewAccount" time="4.943"/>
  <testcase classname="com.quali.org.qa.TestClasses.RegisterTest" name="assertAllwarnings" time="1.919"/>
  <testcase classname="com.quali.org.qa.TestClasses.LoginTest" name="loginWithValidCredentials" time="1.541"/>
  <testcase classname="com.quali.org.qa.BasicPackage.BaseClass1" name="@BeforeSuite InitExentReport" time="0.0">
    <ignored/>
  </testcase> <!-- @BeforeSuite InitExentReport -->
  <testcase classname="com.quali.org.qa.BasicPackage.BaseClass1" name="@BeforeTest getnameMethod" time="0.0">
    <ignored/>
  </testcase> <!-- @BeforeTest getnameMethod -->
  <testcase classname="com.quali.org.qa.BasicPackage.BaseClass1" name="@AfterSuite generateReports" time="0.0">
    <ignored/>
  </testcase> <!-- @AfterSuite generateReports -->
</testsuite> <!-- Test -->
