<?xml version="1.0" encoding="UTF-8"?>
<testng-results ignored="0" total="3" passed="3" failed="0" skipped="0">
  <reporter-output>
  </reporter-output>
  <suite started-at="2023-12-13T22:36:04 IST" name="Suite" finished-at="2023-12-13T22:36:37 IST" duration-ms="33272">
    <groups>
    </groups>
    <test started-at="2023-12-13T22:36:04 IST" name="Test" finished-at="2023-12-13T22:36:37 IST" duration-ms="33272">
      <class name="com.quali.org.qa.TestClasses.LoginTest">
        <test-method is-config="true" signature="initialSetup()[pri:0, instance:com.quali.org.qa.TestClasses.LoginTest@1c93084c]" started-at="2023-12-13T22:36:29 IST" name="initialSetup" finished-at="2023-12-13T22:36:35 IST" duration-ms="6019" status="PASS">
          <reporter-output>
          </reporter-output>
        </test-method> <!-- initialSetup -->
        <test-method signature="loginWithValidCredentials()[pri:1, instance:com.quali.org.qa.TestClasses.LoginTest@1c93084c]" started-at="2023-12-13T22:36:35 IST" name="loginWithValidCredentials" finished-at="2023-12-13T22:36:37 IST" duration-ms="1480" status="PASS">
          <reporter-output>
          </reporter-output>
        </test-method> <!-- loginWithValidCredentials -->
        <test-method is-config="true" signature="tearDown()[pri:0, instance:com.quali.org.qa.TestClasses.LoginTest@1c93084c]" started-at="2023-12-13T22:36:37 IST" name="tearDown" finished-at="2023-12-13T22:36:37 IST" duration-ms="193" status="PASS">
          <reporter-output>
          </reporter-output>
        </test-method> <!-- tearDown -->
        <test-method is-config="true" signature="generateStatus(java.lang.reflect.Method,org.testng.ITestResult)[pri:0, instance:com.quali.org.qa.TestClasses.LoginTest@1c93084c]" started-at="2023-12-13T22:36:37 IST" name="generateStatus" finished-at="2023-12-13T22:36:37 IST" duration-ms="1" status="PASS">
          <params>
            <param index="0">
              <value>
                <![CDATA[public void com.quali.org.qa.TestClasses.LoginTest.loginWithValidCredentials()]]>
              </value>
            </param>
            <param index="1">
              <value>
                <![CDATA[[TestResult name=loginWithValidCredentials status=SUCCESS method=LoginTest.loginWithValidCredentials()[pri:1, instance:com.quali.org.qa.TestClasses.LoginTest@1c93084c] output={null}]]]>
              </value>
            </param>
          </params>
          <reporter-output>
          </reporter-output>
        </test-method> <!-- generateStatus -->
      </class> <!-- com.quali.org.qa.TestClasses.LoginTest -->
      <class name="com.quali.org.qa.TestClasses.RegisterTest">
        <test-method is-config="true" signature="InitExentReport()[pri:0, instance:com.quali.org.qa.TestClasses.RegisterTest@5cee5251]" started-at="2023-12-13T22:36:04 IST" name="InitExentReport" finished-at="2023-12-13T22:36:04 IST" duration-ms="188" status="PASS">
          <reporter-output>
          </reporter-output>
        </test-method> <!-- InitExentReport -->
        <test-method is-config="true" signature="getnameMethod(org.testng.ITestContext)[pri:0, instance:com.quali.org.qa.TestClasses.RegisterTest@5cee5251]" started-at="2023-12-13T22:36:04 IST" name="getnameMethod" finished-at="2023-12-13T22:36:04 IST" duration-ms="5" status="PASS">
          <params>
            <param index="0">
              <value>
                <![CDATA[org.testng.TestRunner@9e54c59]]>
              </value>
            </param>
          </params>
          <reporter-output>
          </reporter-output>
        </test-method> <!-- getnameMethod -->
        <test-method is-config="true" signature="initialSetup()[pri:0, instance:com.quali.org.qa.TestClasses.RegisterTest@5cee5251]" started-at="2023-12-13T22:36:04 IST" name="initialSetup" finished-at="2023-12-13T22:36:13 IST" duration-ms="9156" status="PASS">
          <reporter-output>
          </reporter-output>
        </test-method> <!-- initialSetup -->
        <test-method signature="RegisterAsNewAccount()[pri:1, instance:com.quali.org.qa.TestClasses.RegisterTest@5cee5251]" started-at="2023-12-13T22:36:13 IST" name="RegisterAsNewAccount" finished-at="2023-12-13T22:36:18 IST" duration-ms="5063" status="PASS">
          <reporter-output>
          </reporter-output>
        </test-method> <!-- RegisterAsNewAccount -->
        <test-method is-config="true" signature="tearDown()[pri:0, instance:com.quali.org.qa.TestClasses.RegisterTest@5cee5251]" started-at="2023-12-13T22:36:18 IST" name="tearDown" finished-at="2023-12-13T22:36:18 IST" duration-ms="203" status="PASS">
          <reporter-output>
          </reporter-output>
        </test-method> <!-- tearDown -->
        <test-method is-config="true" signature="generateStatus(java.lang.reflect.Method,org.testng.ITestResult)[pri:0, instance:com.quali.org.qa.TestClasses.RegisterTest@5cee5251]" started-at="2023-12-13T22:36:18 IST" name="generateStatus" finished-at="2023-12-13T22:36:18 IST" duration-ms="3" status="PASS">
          <params>
            <param index="0">
              <value>
                <![CDATA[public static void com.quali.org.qa.TestClasses.RegisterTest.RegisterAsNewAccount()]]>
              </value>
            </param>
            <param index="1">
              <value>
                <![CDATA[[TestResult name=RegisterAsNewAccount status=SUCCESS method=RegisterTest.RegisterAsNewAccount()[pri:1, instance:com.quali.org.qa.TestClasses.RegisterTest@5cee5251] output={null}]]]>
              </value>
            </param>
          </params>
          <reporter-output>
          </reporter-output>
        </test-method> <!-- generateStatus -->
        <test-method is-config="true" signature="initialSetup()[pri:0, instance:com.quali.org.qa.TestClasses.RegisterTest@5cee5251]" started-at="2023-12-13T22:36:18 IST" name="initialSetup" finished-at="2023-12-13T22:36:27 IST" duration-ms="8796" status="PASS">
          <reporter-output>
          </reporter-output>
        </test-method> <!-- initialSetup -->
        <test-method signature="assertAllwarnings()[pri:2, instance:com.quali.org.qa.TestClasses.RegisterTest@5cee5251]" started-at="2023-12-13T22:36:27 IST" name="assertAllwarnings" finished-at="2023-12-13T22:36:29 IST" duration-ms="2149" status="PASS">
          <reporter-output>
          </reporter-output>
        </test-method> <!-- assertAllwarnings -->
        <test-method is-config="true" signature="tearDown()[pri:0, instance:com.quali.org.qa.TestClasses.RegisterTest@5cee5251]" started-at="2023-12-13T22:36:29 IST" name="tearDown" finished-at="2023-12-13T22:36:29 IST" duration-ms="182" status="PASS">
          <reporter-output>
          </reporter-output>
        </test-method> <!-- tearDown -->
        <test-method is-config="true" signature="generateStatus(java.lang.reflect.Method,org.testng.ITestResult)[pri:0, instance:com.quali.org.qa.TestClasses.RegisterTest@5cee5251]" started-at="2023-12-13T22:36:29 IST" name="generateStatus" finished-at="2023-12-13T22:36:29 IST" duration-ms="0" status="PASS">
          <params>
            <param index="0">
              <value>
                <![CDATA[public void com.quali.org.qa.TestClasses.RegisterTest.assertAllwarnings()]]>
              </value>
            </param>
            <param index="1">
              <value>
                <![CDATA[[TestResult name=assertAllwarnings status=SUCCESS method=RegisterTest.assertAllwarnings()[pri:2, instance:com.quali.org.qa.TestClasses.RegisterTest@5cee5251] output={null}]]]>
              </value>
            </param>
          </params>
          <reporter-output>
          </reporter-output>
        </test-method> <!-- generateStatus -->
        <test-method is-config="true" signature="generateReports()[pri:0, instance:com.quali.org.qa.TestClasses.RegisterTest@5cee5251]" started-at="2023-12-13T22:36:37 IST" name="generateReports" finished-at="2023-12-13T22:36:38 IST" duration-ms="468" status="PASS">
          <reporter-output>
          </reporter-output>
        </test-method> <!-- generateReports -->
      </class> <!-- com.quali.org.qa.TestClasses.RegisterTest -->
    </test> <!-- Test -->
  </suite> <!-- Suite -->
</testng-results>
