<?xml version="1.0" encoding="UTF-8"?>
<testng-results ignored="0" total="1" passed="1" failed="0" skipped="0">
  <reporter-output>
  </reporter-output>
  <suite started-at="2023-12-05T18:40:36 IST" name="Default suite" finished-at="2023-12-05T18:40:48 IST" duration-ms="12739">
    <groups>
    </groups>
    <test started-at="2023-12-05T18:40:36 IST" name="Default test" finished-at="2023-12-05T18:40:48 IST" duration-ms="12739">
      <class name="com.quali.org.qa.TestClasses.RegisterTest">
        <test-method is-config="true" signature="InitExentReport()[pri:0, instance:com.quali.org.qa.TestClasses.RegisterTest@6aba2b86]" started-at="2023-12-05T18:40:35 IST" name="InitExentReport" finished-at="2023-12-05T18:40:36 IST" duration-ms="269" status="PASS">
          <reporter-output>
          </reporter-output>
        </test-method> <!-- InitExentReport -->
        <test-method is-config="true" signature="getnameMethod(org.testng.ITestContext)[pri:0, instance:com.quali.org.qa.TestClasses.RegisterTest@6aba2b86]" started-at="2023-12-05T18:40:36 IST" name="getnameMethod" finished-at="2023-12-05T18:40:36 IST" duration-ms="8" status="PASS">
          <params>
            <param index="0">
              <value>
                <![CDATA[org.testng.TestRunner@7d904ff1]]>
              </value>
            </param>
          </params>
          <reporter-output>
          </reporter-output>
        </test-method> <!-- getnameMethod -->
        <test-method is-config="true" signature="initialSetup()[pri:0, instance:com.quali.org.qa.TestClasses.RegisterTest@6aba2b86]" started-at="2023-12-05T18:40:36 IST" name="initialSetup" finished-at="2023-12-05T18:40:44 IST" duration-ms="8265" status="PASS">
          <reporter-output>
          </reporter-output>
        </test-method> <!-- initialSetup -->
        <test-method signature="RegisterAsNewAccount()[pri:1, instance:com.quali.org.qa.TestClasses.RegisterTest@6aba2b86]" started-at="2023-12-05T18:40:44 IST" name="RegisterAsNewAccount" finished-at="2023-12-05T18:40:48 IST" duration-ms="4253" status="PASS">
          <reporter-output>
          </reporter-output>
        </test-method> <!-- RegisterAsNewAccount -->
        <test-method is-config="true" signature="tearDown()[pri:0, instance:com.quali.org.qa.TestClasses.RegisterTest@6aba2b86]" started-at="2023-12-05T18:40:48 IST" name="tearDown" finished-at="2023-12-05T18:40:48 IST" duration-ms="179" status="PASS">
          <reporter-output>
          </reporter-output>
        </test-method> <!-- tearDown -->
        <test-method is-config="true" signature="generateStatus(java.lang.reflect.Method,org.testng.ITestResult)[pri:0, instance:com.quali.org.qa.TestClasses.RegisterTest@6aba2b86]" started-at="2023-12-05T18:40:48 IST" name="generateStatus" finished-at="2023-12-05T18:40:48 IST" duration-ms="5" status="PASS">
          <params>
            <param index="0">
              <value>
                <![CDATA[public static void com.quali.org.qa.TestClasses.RegisterTest.RegisterAsNewAccount()]]>
              </value>
            </param>
            <param index="1">
              <value>
                <![CDATA[[TestResult name=RegisterAsNewAccount status=SUCCESS method=RegisterTest.RegisterAsNewAccount()[pri:1, instance:com.quali.org.qa.TestClasses.RegisterTest@6aba2b86] output={null}]]]>
              </value>
            </param>
          </params>
          <reporter-output>
          </reporter-output>
        </test-method> <!-- generateStatus -->
        <test-method is-config="true" signature="generateReports()[pri:0, instance:com.quali.org.qa.TestClasses.RegisterTest@6aba2b86]" started-at="2023-12-05T18:40:49 IST" name="generateReports" finished-at="2023-12-05T18:40:49 IST" duration-ms="704" status="PASS">
          <reporter-output>
          </reporter-output>
        </test-method> <!-- generateReports -->
      </class> <!-- com.quali.org.qa.TestClasses.RegisterTest -->
    </test> <!-- Default test -->
  </suite> <!-- Default suite -->
</testng-results>
