<?xml version="1.0" encoding="UTF-8"?>
<testng-results ignored="0" total="3" passed="3" failed="0" skipped="0">
  <reporter-output>
  </reporter-output>
  <suite started-at="2023-12-13T12:54:37 IST" name="Suite" finished-at="2023-12-13T12:55:13 IST" duration-ms="35362">
    <groups>
    </groups>
    <test started-at="2023-12-13T12:54:37 IST" name="Test" finished-at="2023-12-13T12:55:13 IST" duration-ms="35362">
      <class name="com.quali.org.qa.TestClasses.LoginTest">
        <test-method is-config="true" signature="initialSetup()[pri:0, instance:com.quali.org.qa.TestClasses.LoginTest@7b9a4292]" started-at="2023-12-13T12:55:03 IST" name="initialSetup" finished-at="2023-12-13T12:55:11 IST" duration-ms="7997" status="PASS">
          <reporter-output>
          </reporter-output>
        </test-method> <!-- initialSetup -->
        <test-method signature="loginWithValidCredentials()[pri:1, instance:com.quali.org.qa.TestClasses.LoginTest@7b9a4292]" started-at="2023-12-13T12:55:11 IST" name="loginWithValidCredentials" finished-at="2023-12-13T12:55:12 IST" duration-ms="1541" status="PASS">
          <reporter-output>
          </reporter-output>
        </test-method> <!-- loginWithValidCredentials -->
        <test-method is-config="true" signature="tearDown()[pri:0, instance:com.quali.org.qa.TestClasses.LoginTest@7b9a4292]" started-at="2023-12-13T12:55:12 IST" name="tearDown" finished-at="2023-12-13T12:55:13 IST" duration-ms="204" status="PASS">
          <reporter-output>
          </reporter-output>
        </test-method> <!-- tearDown -->
        <test-method is-config="true" signature="generateStatus(java.lang.reflect.Method,org.testng.ITestResult)[pri:0, instance:com.quali.org.qa.TestClasses.LoginTest@7b9a4292]" started-at="2023-12-13T12:55:13 IST" name="generateStatus" finished-at="2023-12-13T12:55:13 IST" duration-ms="1" status="PASS">
          <params>
            <param index="0">
              <value>
                <![CDATA[public void com.quali.org.qa.TestClasses.LoginTest.loginWithValidCredentials()]]>
              </value>
            </param>
            <param index="1">
              <value>
                <![CDATA[[TestResult name=loginWithValidCredentials status=SUCCESS method=LoginTest.loginWithValidCredentials()[pri:1, instance:com.quali.org.qa.TestClasses.LoginTest@7b9a4292] output={null}]]]>
              </value>
            </param>
          </params>
          <reporter-output>
          </reporter-output>
        </test-method> <!-- generateStatus -->
      </class> <!-- com.quali.org.qa.TestClasses.LoginTest -->
      <class name="com.quali.org.qa.TestClasses.RegisterTest">
        <test-method is-config="true" signature="InitExentReport()[pri:0, instance:com.quali.org.qa.TestClasses.RegisterTest@71809907]" started-at="2023-12-13T12:54:37 IST" name="InitExentReport" finished-at="2023-12-13T12:54:37 IST" duration-ms="211" status="PASS">
          <reporter-output>
          </reporter-output>
        </test-method> <!-- InitExentReport -->
        <test-method is-config="true" signature="getnameMethod(org.testng.ITestContext)[pri:0, instance:com.quali.org.qa.TestClasses.RegisterTest@71809907]" started-at="2023-12-13T12:54:37 IST" name="getnameMethod" finished-at="2023-12-13T12:54:37 IST" duration-ms="9" status="PASS">
          <params>
            <param index="0">
              <value>
                <![CDATA[org.testng.TestRunner@11d045b4]]>
              </value>
            </param>
          </params>
          <reporter-output>
          </reporter-output>
        </test-method> <!-- getnameMethod -->
        <test-method is-config="true" signature="initialSetup()[pri:0, instance:com.quali.org.qa.TestClasses.RegisterTest@71809907]" started-at="2023-12-13T12:54:37 IST" name="initialSetup" finished-at="2023-12-13T12:54:46 IST" duration-ms="9046" status="PASS">
          <reporter-output>
          </reporter-output>
        </test-method> <!-- initialSetup -->
        <test-method signature="RegisterAsNewAccount()[pri:1, instance:com.quali.org.qa.TestClasses.RegisterTest@71809907]" started-at="2023-12-13T12:54:46 IST" name="RegisterAsNewAccount" finished-at="2023-12-13T12:54:51 IST" duration-ms="4943" status="PASS">
          <reporter-output>
          </reporter-output>
        </test-method> <!-- RegisterAsNewAccount -->
        <test-method is-config="true" signature="tearDown()[pri:0, instance:com.quali.org.qa.TestClasses.RegisterTest@71809907]" started-at="2023-12-13T12:54:51 IST" name="tearDown" finished-at="2023-12-13T12:54:52 IST" duration-ms="233" status="PASS">
          <reporter-output>
          </reporter-output>
        </test-method> <!-- tearDown -->
        <test-method is-config="true" signature="generateStatus(java.lang.reflect.Method,org.testng.ITestResult)[pri:0, instance:com.quali.org.qa.TestClasses.RegisterTest@71809907]" started-at="2023-12-13T12:54:52 IST" name="generateStatus" finished-at="2023-12-13T12:54:52 IST" duration-ms="4" status="PASS">
          <params>
            <param index="0">
              <value>
                <![CDATA[public static void com.quali.org.qa.TestClasses.RegisterTest.RegisterAsNewAccount()]]>
              </value>
            </param>
            <param index="1">
              <value>
                <![CDATA[[TestResult name=RegisterAsNewAccount status=SUCCESS method=RegisterTest.RegisterAsNewAccount()[pri:1, instance:com.quali.org.qa.TestClasses.RegisterTest@71809907] output={null}]]]>
              </value>
            </param>
          </params>
          <reporter-output>
          </reporter-output>
        </test-method> <!-- generateStatus -->
        <test-method is-config="true" signature="initialSetup()[pri:0, instance:com.quali.org.qa.TestClasses.RegisterTest@71809907]" started-at="2023-12-13T12:54:52 IST" name="initialSetup" finished-at="2023-12-13T12:55:01 IST" duration-ms="9214" status="PASS">
          <reporter-output>
          </reporter-output>
        </test-method> <!-- initialSetup -->
        <test-method signature="assertAllwarnings()[pri:2, instance:com.quali.org.qa.TestClasses.RegisterTest@71809907]" started-at="2023-12-13T12:55:01 IST" name="assertAllwarnings" finished-at="2023-12-13T12:55:03 IST" duration-ms="1919" status="PASS">
          <reporter-output>
          </reporter-output>
        </test-method> <!-- assertAllwarnings -->
        <test-method is-config="true" signature="tearDown()[pri:0, instance:com.quali.org.qa.TestClasses.RegisterTest@71809907]" started-at="2023-12-13T12:55:03 IST" name="tearDown" finished-at="2023-12-13T12:55:03 IST" duration-ms="215" status="PASS">
          <reporter-output>
          </reporter-output>
        </test-method> <!-- tearDown -->
        <test-method is-config="true" signature="generateStatus(java.lang.reflect.Method,org.testng.ITestResult)[pri:0, instance:com.quali.org.qa.TestClasses.RegisterTest@71809907]" started-at="2023-12-13T12:55:03 IST" name="generateStatus" finished-at="2023-12-13T12:55:03 IST" duration-ms="0" status="PASS">
          <params>
            <param index="0">
              <value>
                <![CDATA[public void com.quali.org.qa.TestClasses.RegisterTest.assertAllwarnings()]]>
              </value>
            </param>
            <param index="1">
              <value>
                <![CDATA[[TestResult name=assertAllwarnings status=SUCCESS method=RegisterTest.assertAllwarnings()[pri:2, instance:com.quali.org.qa.TestClasses.RegisterTest@71809907] output={null}]]]>
              </value>
            </param>
          </params>
          <reporter-output>
          </reporter-output>
        </test-method> <!-- generateStatus -->
        <test-method is-config="true" signature="generateReports()[pri:0, instance:com.quali.org.qa.TestClasses.RegisterTest@71809907]" started-at="2023-12-13T12:55:13 IST" name="generateReports" finished-at="2023-12-13T12:55:13 IST" duration-ms="570" status="PASS">
          <reporter-output>
          </reporter-output>
        </test-method> <!-- generateReports -->
      </class> <!-- com.quali.org.qa.TestClasses.RegisterTest -->
    </test> <!-- Test -->
  </suite> <!-- Suite -->
</testng-results>
